2021-10-11 11:30:10 - MOD: Modification Default

FILE: system/engine/action.php
REGEX: ~(require|include)(_once)?\(([^)]+)~
LINE: 69

FILE: system/engine/loader.php
REGEX: ~(require|include)(_once)?\(([^)]+)~
LINE: 77
LINE: 151
LINE: 168

FILE: system/library/config.php
REGEX: ~(require|include)(_once)?\(([^)]+)~
LINE: 59

FILE: system/library/language.php
REGEX: ~(require|include)(_once)?\(([^)]+)~
LINE: 67
LINE: 73

FILE: system/library/template/template.php
REGEX: ~(require|include)(_once)?\(([^)]+)~
LINE: 18

FILE: system/library/template/twig.php
CODE: if (is_file($file)) {
LINE: 13
----------------------------------------------------------------
MOD: Modification Manager

FILE: admin/language/en-gb/marketplace/modification.php
CODE: <?php
LINE: 24

FILE: admin/controller/marketplace/modification.php
CODE: $this->load->model('setting/modification');
LINE: 16
LINE: 28
LINE: 76
LINE: 105
LINE: 114
LINE: 140
LINE: 204
LINE: 223
LINE: 360
LINE: 397
LINE: 814
LINE: 883
LINE: 917
LINE: 951
LINE: 1213
CODE: $this->model_setting_modification->
LINE: 32
LINE: 35
LINE: 38
LINE: 80
LINE: 85
LINE: 106
LINE: 116
LINE: 142
LINE: 206
LINE: 282
LINE: 364
LINE: 365
LINE: 469
LINE: 886
LINE: 920
LINE: 1038
LINE: 1040
LINE: 1215
LINE: 1230
CODE: $results = $this->model_extension_module_modification_manager->getModifications();
LINE: 469
CODE: $sort = 'name';
LINE: 988
CODE: $order = 'ASC';
LINE: 994
CODE: $handle = fopen(DIR_LOGS . 'ocmod.log', 'w+');
LINE: 404
CODE: $maintenance = $this->config->get('config_maintenance');
LINE: 435
CODE: $data['breadcrumbs'] = array();
LINE: 1075
CODE: $data['sort_name'] =
LINE: 1169
CODE: $filter_data = array(
LINE: 1096
CODE: $modification_total = $this->model_extension_module_modification_manager->getTotalModifications();
LINE: 1103
CODE: $data['modifications'][] = array(
LINE: 1110
CODE: $pagination = new Pagination();
LINE: 1201
CODE: $data['clear_log'] =
LINE: 1105
CODE: $this->load->view('marketplace/modification'
LINE: 1265
CODE: $this->response->redirect($this->url->link(!empty($data['redirect']) ? $data['redirect'] : 'marketplace/modification'
LINE: 844
CODE: $this->response->redirect($this->url->link(!empty($data['redirect']) ? $data['redirect'] : 'marketplace/modification'
LINE: 844
CODE: if ($this->validate()) {
LINE: 425
CODE: $log[] = 'MOD:
LINE: 549
CODE: $operations = $file->getElementsByTagName('operation');
LINE: 572
CODE: $files = glob($path, GLOB_BRACE);
LINE: 601
CODE: if (!$status) {
LINE: 798
CODE: $ocmod->write(implode("\n", $log));
LINE: 837
CODE: protected function validate(
LINE: 1915
----------------------------------------------------------------
MOD: OCFilter Modification

FILE: admin/controller/catalog/product.php
CODE: function getForm() {
LINE: 854
CODE: $this->language->get('tab_general');
NOT FOUND - OPERATION SKIPPED!

FILE: admin/controller/common/column_left.php
CODE: if ($this->user->hasPermission('access', 'catalog/filter')) {
LINE: 74

FILE: admin/language/en-gb/catalog/product.php
CODE: $_['text_success']
LINE: 15

FILE: admin/language/ru-ru/catalog/product.php
CODE: $_['text_success']
LINE: 15

FILE: admin/language/en-gb/common/column_left.php
CODE: $_['text_option']
LINE: 49

FILE: admin/language/ru-ru/common/column_left.php
CODE: $_['text_option']
LINE: 60

FILE: admin/model/catalog/product.php
CODE: if (isset($data['product_recurring'])) {
LINE: 70
CODE: if (isset($data['product_recurring'])) {
LINE: 249
CODE: $data['product_attribute'] = $this->getProductAttributes($product_id);
LINE: 405
CODE: $this->db->query("DELETE FROM " . DB_PREFIX . "product WHERE product_id = '" . (int)$product_id . "'");
LINE: 431

FILE: admin/view/template/catalog/product_form.twig
CODE: </script></div>
NOT FOUND - OPERATION SKIPPED!

FILE: catalog/controller/startup/startup.php
CODE: Cart($this->registry));
LINE: 200

FILE: catalog/controller/startup/seo_url.php
CODE: $this->url->addRewrite($this);
LINE: 25

FILE: catalog/model/catalog/product.php
CODE: $sql .= " LEFT JOIN " . DB_PREFIX . "product_description
LINE: 97
LINE: 469
CODE: if (!empty($data['filter_manufacturer_id
LINE: 178
LINE: 557

FILE: catalog/controller/product/category.php
CODE: $data['breadcrumbs'] = array();
LINE: 78
CODE: $product_total =
LINE: 216
CODE: if (isset($this->request->get['filter'])) {
LINE: 276
CODE: if (isset($this->request->get['filter'])) {
LINE: 351
CODE: if (isset($this->request->get['filter'])) {
LINE: 386
CODE: $data['limit'] = $limit;
LINE: 484

FILE: system/library/document.php
CODE: public function getLinks
LINE: 116
CODE: private $keywords;
LINE: 21
CODE: public function setTitle
LINE: 44

FILE: catalog/controller/common/header.php
CODE: $data['scripts'] = $this->document->getScripts
LINE: 42

FILE: catalog/view/theme/default/template/common/header.twig
CODE: </title>
LINE: 18
----------------------------------------------------------------
MOD: SEO for default URLs - manual database entry
CODE: unset($data[$key]);
LINE: 151
----------------------------------------------------------------
MOD: SEO Микроразметка
CODE: $this->load->language('common/header');
LINE: 55

FILE: catalog/controller/product/product.php
CODE: $this->document->setKeywords($product_info['meta_keyword']);
LINE: 265
CODE: $this->document->setKeywords($category_info['meta_keyword']);
LINE: 165

FILE: catalog/controller/common/home.php
CODE: $this->document->setKeywords($this->config->get('config_meta_keyword'));
LINE: 15

FILE: catalog/controller/information/information.php
CODE: $this->document->setKeywords($information_info['meta_keyword']);
LINE: 53
CODE: $data['description'] = html_entity_decode($information_info['description'], ENT_QUOTES, 'UTF-8');
LINE: 64
CODE: public function addLink($href, $rel) {
LINE: 119
CODE: private $keywords;
LINE: 17
CODE: $data['title'] = $this->document->getTitle();
LINE: 34
CODE: </head>
LINE: 64
CODE: $data['rating'] = (int)$product_info['rating'];
LINE: 418

FILE: catalog/view/theme/default/template/product/product.twig
CODE: {{ content_top }}
LINE: 15
CODE: $data['header'] = $this->load->controller('common/header');
LINE: 512
LINE: 559

FILE: catalog/controller/product/manufacturer.php
CODE: $data['header'] = $this->load->controller('common/header');
LINE: 52
LINE: 411
LINE: 453

FILE: catalog/view/theme/default/template/product/category.twig
CODE: {{ content_top }}
LINE: 15

FILE: catalog/view/theme/default/template/product/manufacturer_info.twig
CODE: {{ content_top }}
LINE: 15
CODE: $data['header'] = $this->load->controller('common/header');
LINE: 52

FILE: catalog/view/theme/default/template/common/home.twig
CODE: {{ footer }}
LINE: 21

FILE: catalog/controller/information/contact.php
CODE: $data['store'] = $this->config->get('config_name');
LINE: 75

FILE: catalog/view/theme/default/template/information/contact.twig
CODE: {{ heading_title }}
LINE: 19
----------------------------------------------------------------
MOD: Українська мова / Украинский язык
----------------------------------------------------------------
